nohup: ignoring input
2025-02-14 13:47:06,665 - httpx - INFO - HTTP Request: POST https://api.telegram.org/bot8038486969:AAEyibm7lESIkBOZrgLBwjC7CwB4yxbIfxs/getMe "HTTP/1.1 200 OK"
2025-02-14 13:47:06,801 - httpx - INFO - HTTP Request: POST https://api.telegram.org/bot8038486969:AAEyibm7lESIkBOZrgLBwjC7CwB4yxbIfxs/deleteWebhook "HTTP/1.1 200 OK"
2025-02-14 13:47:06,802 - telegram.ext.Application - INFO - Application started
2025-02-14 13:47:17,243 - httpx - INFO - HTTP Request: POST https://api.telegram.org/bot8038486969:AAEyibm7lESIkBOZrgLBwjC7CwB4yxbIfxs/getUpdates "HTTP/1.1 200 OK"
2025-02-14 13:47:27,388 - httpx - INFO - HTTP Request: POST https://api.telegram.org/bot8038486969:AAEyibm7lESIkBOZrgLBwjC7CwB4yxbIfxs/getUpdates "HTTP/1.1 200 OK"
2025-02-14 13:47:37,537 - httpx - INFO - HTTP Request: POST https://api.telegram.org/bot8038486969:AAEyibm7lESIkBOZrgLBwjC7CwB4yxbIfxs/getUpdates "HTTP/1.1 200 OK"
2025-02-14 13:47:47,707 - httpx - INFO - HTTP Request: POST https://api.telegram.org/bot8038486969:AAEyibm7lESIkBOZrgLBwjC7CwB4yxbIfxs/getUpdates "HTTP/1.1 200 OK"
2025-02-14 13:47:57,871 - httpx - INFO - HTTP Request: POST https://api.telegram.org/bot8038486969:AAEyibm7lESIkBOZrgLBwjC7CwB4yxbIfxs/getUpdates "HTTP/1.1 200 OK"
2025-02-14 13:48:08,020 - httpx - INFO - HTTP Request: POST https://api.telegram.org/bot8038486969:AAEyibm7lESIkBOZrgLBwjC7CwB4yxbIfxs/getUpdates "HTTP/1.1 200 OK"
2025-02-14 13:48:18,200 - httpx - INFO - HTTP Request: POST https://api.telegram.org/bot8038486969:AAEyibm7lESIkBOZrgLBwjC7CwB4yxbIfxs/getUpdates "HTTP/1.1 200 OK"
2025-02-14 13:48:24,589 - httpx - INFO - HTTP Request: POST https://api.telegram.org/bot8038486969:AAEyibm7lESIkBOZrgLBwjC7CwB4yxbIfxs/getUpdates "HTTP/1.1 200 OK"
2025-02-14 13:48:28,165 - httpx - INFO - HTTP Request: POST https://api.telegram.org/bot8038486969:AAEyibm7lESIkBOZrgLBwjC7CwB4yxbIfxs/deleteMessage "HTTP/1.1 200 OK"
2025-02-14 13:48:28,395 - httpx - INFO - HTTP Request: POST https://api.telegram.org/bot8038486969:AAEyibm7lESIkBOZrgLBwjC7CwB4yxbIfxs/sendMessage "HTTP/1.1 200 OK"
2025-02-14 13:48:28,597 - httpx - INFO - HTTP Request: POST https://api.telegram.org/bot8038486969:AAEyibm7lESIkBOZrgLBwjC7CwB4yxbIfxs/sendMessage "HTTP/1.1 200 OK"
2025-02-14 13:48:28,809 - httpx - INFO - HTTP Request: POST https://api.telegram.org/bot8038486969:AAEyibm7lESIkBOZrgLBwjC7CwB4yxbIfxs/sendMessage "HTTP/1.1 200 OK"
2025-02-14 13:48:34,751 - httpx - INFO - HTTP Request: POST https://api.telegram.org/bot8038486969:AAEyibm7lESIkBOZrgLBwjC7CwB4yxbIfxs/getUpdates "HTTP/1.1 200 OK"
2025-02-14 13:48:44,914 - httpx - INFO - HTTP Request: POST https://api.telegram.org/bot8038486969:AAEyibm7lESIkBOZrgLBwjC7CwB4yxbIfxs/getUpdates "HTTP/1.1 200 OK"
2025-02-14 13:48:55,063 - httpx - INFO - HTTP Request: POST https://api.telegram.org/bot8038486969:AAEyibm7lESIkBOZrgLBwjC7CwB4yxbIfxs/getUpdates "HTTP/1.1 200 OK"
2025-02-14 13:49:05,278 - httpx - INFO - HTTP Request: POST https://api.telegram.org/bot8038486969:AAEyibm7lESIkBOZrgLBwjC7CwB4yxbIfxs/getUpdates "HTTP/1.1 200 OK"
2025-02-14 13:49:15,424 - httpx - INFO - HTTP Request: POST https://api.telegram.org/bot8038486969:AAEyibm7lESIkBOZrgLBwjC7CwB4yxbIfxs/getUpdates "HTTP/1.1 200 OK"
2025-02-14 13:49:25,570 - httpx - INFO - HTTP Request: POST https://api.telegram.org/bot8038486969:AAEyibm7lESIkBOZrgLBwjC7CwB4yxbIfxs/getUpdates "HTTP/1.1 200 OK"
2025-02-14 13:49:35,744 - httpx - INFO - HTTP Request: POST https://api.telegram.org/bot8038486969:AAEyibm7lESIkBOZrgLBwjC7CwB4yxbIfxs/getUpdates "HTTP/1.1 200 OK"
2025-02-14 13:49:45,912 - httpx - INFO - HTTP Request: POST https://api.telegram.org/bot8038486969:AAEyibm7lESIkBOZrgLBwjC7CwB4yxbIfxs/getUpdates "HTTP/1.1 200 OK"
2025-02-14 13:49:56,062 - httpx - INFO - HTTP Request: POST https://api.telegram.org/bot8038486969:AAEyibm7lESIkBOZrgLBwjC7CwB4yxbIfxs/getUpdates "HTTP/1.1 200 OK"
2025-02-14 13:50:06,224 - httpx - INFO - HTTP Request: POST https://api.telegram.org/bot8038486969:AAEyibm7lESIkBOZrgLBwjC7CwB4yxbIfxs/getUpdates "HTTP/1.1 200 OK"
2025-02-14 13:50:16,396 - httpx - INFO - HTTP Request: POST https://api.telegram.org/bot8038486969:AAEyibm7lESIkBOZrgLBwjC7CwB4yxbIfxs/getUpdates "HTTP/1.1 200 OK"
2025-02-14 13:50:26,564 - httpx - INFO - HTTP Request: POST https://api.telegram.org/bot8038486969:AAEyibm7lESIkBOZrgLBwjC7CwB4yxbIfxs/getUpdates "HTTP/1.1 200 OK"
2025-02-14 13:50:36,708 - httpx - INFO - HTTP Request: POST https://api.telegram.org/bot8038486969:AAEyibm7lESIkBOZrgLBwjC7CwB4yxbIfxs/getUpdates "HTTP/1.1 200 OK"
2025-02-14 13:50:46,875 - httpx - INFO - HTTP Request: POST https://api.telegram.org/bot8038486969:AAEyibm7lESIkBOZrgLBwjC7CwB4yxbIfxs/getUpdates "HTTP/1.1 200 OK"
2025-02-14 13:50:57,081 - httpx - INFO - HTTP Request: POST https://api.telegram.org/bot8038486969:AAEyibm7lESIkBOZrgLBwjC7CwB4yxbIfxs/getUpdates "HTTP/1.1 200 OK"
2025-02-14 13:51:07,408 - httpx - INFO - HTTP Request: POST https://api.telegram.org/bot8038486969:AAEyibm7lESIkBOZrgLBwjC7CwB4yxbIfxs/getUpdates "HTTP/1.1 200 OK"
2025-02-14 13:51:17,575 - httpx - INFO - HTTP Request: POST https://api.telegram.org/bot8038486969:AAEyibm7lESIkBOZrgLBwjC7CwB4yxbIfxs/getUpdates "HTTP/1.1 200 OK"
2025-02-14 13:51:27,723 - httpx - INFO - HTTP Request: POST https://api.telegram.org/bot8038486969:AAEyibm7lESIkBOZrgLBwjC7CwB4yxbIfxs/getUpdates "HTTP/1.1 200 OK"
2025-02-14 13:51:37,887 - httpx - INFO - HTTP Request: POST https://api.telegram.org/bot8038486969:AAEyibm7lESIkBOZrgLBwjC7CwB4yxbIfxs/getUpdates "HTTP/1.1 200 OK"
2025-02-14 13:51:48,048 - httpx - INFO - HTTP Request: POST https://api.telegram.org/bot8038486969:AAEyibm7lESIkBOZrgLBwjC7CwB4yxbIfxs/getUpdates "HTTP/1.1 200 OK"
2025-02-14 13:51:58,247 - httpx - INFO - HTTP Request: POST https://api.telegram.org/bot8038486969:AAEyibm7lESIkBOZrgLBwjC7CwB4yxbIfxs/getUpdates "HTTP/1.1 200 OK"
2025-02-14 13:52:08,427 - httpx - INFO - HTTP Request: POST https://api.telegram.org/bot8038486969:AAEyibm7lESIkBOZrgLBwjC7CwB4yxbIfxs/getUpdates "HTTP/1.1 200 OK"
2025-02-14 13:52:18,580 - httpx - INFO - HTTP Request: POST https://api.telegram.org/bot8038486969:AAEyibm7lESIkBOZrgLBwjC7CwB4yxbIfxs/getUpdates "HTTP/1.1 200 OK"
2025-02-14 13:52:28,724 - httpx - INFO - HTTP Request: POST https://api.telegram.org/bot8038486969:AAEyibm7lESIkBOZrgLBwjC7CwB4yxbIfxs/getUpdates "HTTP/1.1 200 OK"
2025-02-14 13:52:38,900 - httpx - INFO - HTTP Request: POST https://api.telegram.org/bot8038486969:AAEyibm7lESIkBOZrgLBwjC7CwB4yxbIfxs/getUpdates "HTTP/1.1 200 OK"
2025-02-14 13:52:49,059 - httpx - INFO - HTTP Request: POST https://api.telegram.org/bot8038486969:AAEyibm7lESIkBOZrgLBwjC7CwB4yxbIfxs/getUpdates "HTTP/1.1 200 OK"
2025-02-14 13:52:59,201 - httpx - INFO - HTTP Request: POST https://api.telegram.org/bot8038486969:AAEyibm7lESIkBOZrgLBwjC7CwB4yxbIfxs/getUpdates "HTTP/1.1 200 OK"
2025-02-14 13:53:09,339 - httpx - INFO - HTTP Request: POST https://api.telegram.org/bot8038486969:AAEyibm7lESIkBOZrgLBwjC7CwB4yxbIfxs/getUpdates "HTTP/1.1 200 OK"
2025-02-14 13:53:19,508 - httpx - INFO - HTTP Request: POST https://api.telegram.org/bot8038486969:AAEyibm7lESIkBOZrgLBwjC7CwB4yxbIfxs/getUpdates "HTTP/1.1 200 OK"
2025-02-14 13:53:29,679 - httpx - INFO - HTTP Request: POST https://api.telegram.org/bot8038486969:AAEyibm7lESIkBOZrgLBwjC7CwB4yxbIfxs/getUpdates "HTTP/1.1 200 OK"
2025-02-14 13:53:39,883 - httpx - INFO - HTTP Request: POST https://api.telegram.org/bot8038486969:AAEyibm7lESIkBOZrgLBwjC7CwB4yxbIfxs/getUpdates "HTTP/1.1 200 OK"
2025-02-14 13:53:50,029 - httpx - INFO - HTTP Request: POST https://api.telegram.org/bot8038486969:AAEyibm7lESIkBOZrgLBwjC7CwB4yxbIfxs/getUpdates "HTTP/1.1 200 OK"
2025-02-14 13:54:00,196 - httpx - INFO - HTTP Request: POST https://api.telegram.org/bot8038486969:AAEyibm7lESIkBOZrgLBwjC7CwB4yxbIfxs/getUpdates "HTTP/1.1 200 OK"
2025-02-14 13:54:10,361 - httpx - INFO - HTTP Request: POST https://api.telegram.org/bot8038486969:AAEyibm7lESIkBOZrgLBwjC7CwB4yxbIfxs/getUpdates "HTTP/1.1 200 OK"
2025-02-14 13:54:20,521 - httpx - INFO - HTTP Request: POST https://api.telegram.org/bot8038486969:AAEyibm7lESIkBOZrgLBwjC7CwB4yxbIfxs/getUpdates "HTTP/1.1 200 OK"
2025-02-14 13:54:30,673 - httpx - INFO - HTTP Request: POST https://api.telegram.org/bot8038486969:AAEyibm7lESIkBOZrgLBwjC7CwB4yxbIfxs/getUpdates "HTTP/1.1 200 OK"
2025-02-14 13:54:40,829 - httpx - INFO - HTTP Request: POST https://api.telegram.org/bot8038486969:AAEyibm7lESIkBOZrgLBwjC7CwB4yxbIfxs/getUpdates "HTTP/1.1 200 OK"
2025-02-14 13:54:50,968 - httpx - INFO - HTTP Request: POST https://api.telegram.org/bot8038486969:AAEyibm7lESIkBOZrgLBwjC7CwB4yxbIfxs/getUpdates "HTTP/1.1 200 OK"
2025-02-14 13:55:01,109 - httpx - INFO - HTTP Request: POST https://api.telegram.org/bot8038486969:AAEyibm7lESIkBOZrgLBwjC7CwB4yxbIfxs/getUpdates "HTTP/1.1 200 OK"
2025-02-14 13:55:11,272 - httpx - INFO - HTTP Request: POST https://api.telegram.org/bot8038486969:AAEyibm7lESIkBOZrgLBwjC7CwB4yxbIfxs/getUpdates "HTTP/1.1 200 OK"
2025-02-14 13:55:21,424 - httpx - INFO - HTTP Request: POST https://api.telegram.org/bot8038486969:AAEyibm7lESIkBOZrgLBwjC7CwB4yxbIfxs/getUpdates "HTTP/1.1 200 OK"
2025-02-14 13:55:31,585 - httpx - INFO - HTTP Request: POST https://api.telegram.org/bot8038486969:AAEyibm7lESIkBOZrgLBwjC7CwB4yxbIfxs/getUpdates "HTTP/1.1 200 OK"
2025-02-14 13:55:41,825 - httpx - INFO - HTTP Request: POST https://api.telegram.org/bot8038486969:AAEyibm7lESIkBOZrgLBwjC7CwB4yxbIfxs/getUpdates "HTTP/1.1 200 OK"
2025-02-14 13:55:51,982 - httpx - INFO - HTTP Request: POST https://api.telegram.org/bot8038486969:AAEyibm7lESIkBOZrgLBwjC7CwB4yxbIfxs/getUpdates "HTTP/1.1 200 OK"
2025-02-14 13:56:02,160 - httpx - INFO - HTTP Request: POST https://api.telegram.org/bot8038486969:AAEyibm7lESIkBOZrgLBwjC7CwB4yxbIfxs/getUpdates "HTTP/1.1 200 OK"
2025-02-14 13:56:12,346 - httpx - INFO - HTTP Request: POST https://api.telegram.org/bot8038486969:AAEyibm7lESIkBOZrgLBwjC7CwB4yxbIfxs/getUpdates "HTTP/1.1 200 OK"
2025-02-14 13:56:22,545 - httpx - INFO - HTTP Request: POST https://api.telegram.org/bot8038486969:AAEyibm7lESIkBOZrgLBwjC7CwB4yxbIfxs/getUpdates "HTTP/1.1 200 OK"
2025-02-14 13:56:32,758 - httpx - INFO - HTTP Request: POST https://api.telegram.org/bot8038486969:AAEyibm7lESIkBOZrgLBwjC7CwB4yxbIfxs/getUpdates "HTTP/1.1 200 OK"
2025-02-14 13:56:42,912 - httpx - INFO - HTTP Request: POST https://api.telegram.org/bot8038486969:AAEyibm7lESIkBOZrgLBwjC7CwB4yxbIfxs/getUpdates "HTTP/1.1 200 OK"
2025-02-14 13:56:53,095 - httpx - INFO - HTTP Request: POST https://api.telegram.org/bot8038486969:AAEyibm7lESIkBOZrgLBwjC7CwB4yxbIfxs/getUpdates "HTTP/1.1 200 OK"
2025-02-14 13:57:03,266 - httpx - INFO - HTTP Request: POST https://api.telegram.org/bot8038486969:AAEyibm7lESIkBOZrgLBwjC7CwB4yxbIfxs/getUpdates "HTTP/1.1 200 OK"
2025-02-14 13:57:13,478 - httpx - INFO - HTTP Request: POST https://api.telegram.org/bot8038486969:AAEyibm7lESIkBOZrgLBwjC7CwB4yxbIfxs/getUpdates "HTTP/1.1 200 OK"
2025-02-14 13:57:23,653 - httpx - INFO - HTTP Request: POST https://api.telegram.org/bot8038486969:AAEyibm7lESIkBOZrgLBwjC7CwB4yxbIfxs/getUpdates "HTTP/1.1 200 OK"
2025-02-14 13:57:33,815 - httpx - INFO - HTTP Request: POST https://api.telegram.org/bot8038486969:AAEyibm7lESIkBOZrgLBwjC7CwB4yxbIfxs/getUpdates "HTTP/1.1 200 OK"
2025-02-14 13:57:43,987 - httpx - INFO - HTTP Request: POST https://api.telegram.org/bot8038486969:AAEyibm7lESIkBOZrgLBwjC7CwB4yxbIfxs/getUpdates "HTTP/1.1 200 OK"
2025-02-14 13:57:54,162 - httpx - INFO - HTTP Request: POST https://api.telegram.org/bot8038486969:AAEyibm7lESIkBOZrgLBwjC7CwB4yxbIfxs/getUpdates "HTTP/1.1 200 OK"
2025-02-14 13:58:04,315 - httpx - INFO - HTTP Request: POST https://api.telegram.org/bot8038486969:AAEyibm7lESIkBOZrgLBwjC7CwB4yxbIfxs/getUpdates "HTTP/1.1 200 OK"
2025-02-14 13:58:14,476 - httpx - INFO - HTTP Request: POST https://api.telegram.org/bot8038486969:AAEyibm7lESIkBOZrgLBwjC7CwB4yxbIfxs/getUpdates "HTTP/1.1 200 OK"
2025-02-14 13:58:24,626 - httpx - INFO - HTTP Request: POST https://api.telegram.org/bot8038486969:AAEyibm7lESIkBOZrgLBwjC7CwB4yxbIfxs/getUpdates "HTTP/1.1 200 OK"
2025-02-14 13:58:34,766 - httpx - INFO - HTTP Request: POST https://api.telegram.org/bot8038486969:AAEyibm7lESIkBOZrgLBwjC7CwB4yxbIfxs/getUpdates "HTTP/1.1 200 OK"
2025-02-14 13:58:44,929 - httpx - INFO - HTTP Request: POST https://api.telegram.org/bot8038486969:AAEyibm7lESIkBOZrgLBwjC7CwB4yxbIfxs/getUpdates "HTTP/1.1 200 OK"
2025-02-14 13:58:55,087 - httpx - INFO - HTTP Request: POST https://api.telegram.org/bot8038486969:AAEyibm7lESIkBOZrgLBwjC7CwB4yxbIfxs/getUpdates "HTTP/1.1 200 OK"
2025-02-14 13:59:05,284 - httpx - INFO - HTTP Request: POST https://api.telegram.org/bot8038486969:AAEyibm7lESIkBOZrgLBwjC7CwB4yxbIfxs/getUpdates "HTTP/1.1 200 OK"
2025-02-14 13:59:15,461 - httpx - INFO - HTTP Request: POST https://api.telegram.org/bot8038486969:AAEyibm7lESIkBOZrgLBwjC7CwB4yxbIfxs/getUpdates "HTTP/1.1 200 OK"
2025-02-14 13:59:25,615 - httpx - INFO - HTTP Request: POST https://api.telegram.org/bot8038486969:AAEyibm7lESIkBOZrgLBwjC7CwB4yxbIfxs/getUpdates "HTTP/1.1 200 OK"
2025-02-14 13:59:35,781 - httpx - INFO - HTTP Request: POST https://api.telegram.org/bot8038486969:AAEyibm7lESIkBOZrgLBwjC7CwB4yxbIfxs/getUpdates "HTTP/1.1 200 OK"
2025-02-14 13:59:45,953 - httpx - INFO - HTTP Request: POST https://api.telegram.org/bot8038486969:AAEyibm7lESIkBOZrgLBwjC7CwB4yxbIfxs/getUpdates "HTTP/1.1 200 OK"
2025-02-14 13:59:56,126 - httpx - INFO - HTTP Request: POST https://api.telegram.org/bot8038486969:AAEyibm7lESIkBOZrgLBwjC7CwB4yxbIfxs/getUpdates "HTTP/1.1 200 OK"
2025-02-14 14:00:06,306 - httpx - INFO - HTTP Request: POST https://api.telegram.org/bot8038486969:AAEyibm7lESIkBOZrgLBwjC7CwB4yxbIfxs/getUpdates "HTTP/1.1 200 OK"
2025-02-14 14:00:16,473 - httpx - INFO - HTTP Request: POST https://api.telegram.org/bot8038486969:AAEyibm7lESIkBOZrgLBwjC7CwB4yxbIfxs/getUpdates "HTTP/1.1 200 OK"
2025-02-14 14:00:26,641 - httpx - INFO - HTTP Request: POST https://api.telegram.org/bot8038486969:AAEyibm7lESIkBOZrgLBwjC7CwB4yxbIfxs/getUpdates "HTTP/1.1 200 OK"
2025-02-14 14:00:36,793 - httpx - INFO - HTTP Request: POST https://api.telegram.org/bot8038486969:AAEyibm7lESIkBOZrgLBwjC7CwB4yxbIfxs/getUpdates "HTTP/1.1 200 OK"
2025-02-14 14:00:46,949 - httpx - INFO - HTTP Request: POST https://api.telegram.org/bot8038486969:AAEyibm7lESIkBOZrgLBwjC7CwB4yxbIfxs/getUpdates "HTTP/1.1 200 OK"
2025-02-14 14:00:57,106 - httpx - INFO - HTTP Request: POST https://api.telegram.org/bot8038486969:AAEyibm7lESIkBOZrgLBwjC7CwB4yxbIfxs/getUpdates "HTTP/1.1 200 OK"
2025-02-14 14:01:07,282 - httpx - INFO - HTTP Request: POST https://api.telegram.org/bot8038486969:AAEyibm7lESIkBOZrgLBwjC7CwB4yxbIfxs/getUpdates "HTTP/1.1 200 OK"
2025-02-14 14:01:17,429 - httpx - INFO - HTTP Request: POST https://api.telegram.org/bot8038486969:AAEyibm7lESIkBOZrgLBwjC7CwB4yxbIfxs/getUpdates "HTTP/1.1 200 OK"
2025-02-14 14:01:27,611 - httpx - INFO - HTTP Request: POST https://api.telegram.org/bot8038486969:AAEyibm7lESIkBOZrgLBwjC7CwB4yxbIfxs/getUpdates "HTTP/1.1 200 OK"
2025-02-14 14:01:37,793 - httpx - INFO - HTTP Request: POST https://api.telegram.org/bot8038486969:AAEyibm7lESIkBOZrgLBwjC7CwB4yxbIfxs/getUpdates "HTTP/1.1 200 OK"
2025-02-14 14:01:47,952 - httpx - INFO - HTTP Request: POST https://api.telegram.org/bot8038486969:AAEyibm7lESIkBOZrgLBwjC7CwB4yxbIfxs/getUpdates "HTTP/1.1 200 OK"
2025-02-14 14:01:58,114 - httpx - INFO - HTTP Request: POST https://api.telegram.org/bot8038486969:AAEyibm7lESIkBOZrgLBwjC7CwB4yxbIfxs/getUpdates "HTTP/1.1 200 OK"
2025-02-14 14:02:08,269 - httpx - INFO - HTTP Request: POST https://api.telegram.org/bot8038486969:AAEyibm7lESIkBOZrgLBwjC7CwB4yxbIfxs/getUpdates "HTTP/1.1 200 OK"
2025-02-14 14:02:18,418 - httpx - INFO - HTTP Request: POST https://api.telegram.org/bot8038486969:AAEyibm7lESIkBOZrgLBwjC7CwB4yxbIfxs/getUpdates "HTTP/1.1 200 OK"
2025-02-14 14:02:28,568 - httpx - INFO - HTTP Request: POST https://api.telegram.org/bot8038486969:AAEyibm7lESIkBOZrgLBwjC7CwB4yxbIfxs/getUpdates "HTTP/1.1 200 OK"
2025-02-14 14:02:38,728 - httpx - INFO - HTTP Request: POST https://api.telegram.org/bot8038486969:AAEyibm7lESIkBOZrgLBwjC7CwB4yxbIfxs/getUpdates "HTTP/1.1 200 OK"
2025-02-14 14:02:48,877 - httpx - INFO - HTTP Request: POST https://api.telegram.org/bot8038486969:AAEyibm7lESIkBOZrgLBwjC7CwB4yxbIfxs/getUpdates "HTTP/1.1 200 OK"
2025-02-14 14:02:59,045 - httpx - INFO - HTTP Request: POST https://api.telegram.org/bot8038486969:AAEyibm7lESIkBOZrgLBwjC7CwB4yxbIfxs/getUpdates "HTTP/1.1 200 OK"
2025-02-14 14:03:09,210 - httpx - INFO - HTTP Request: POST https://api.telegram.org/bot8038486969:AAEyibm7lESIkBOZrgLBwjC7CwB4yxbIfxs/getUpdates "HTTP/1.1 200 OK"
2025-02-14 14:03:19,377 - httpx - INFO - HTTP Request: POST https://api.telegram.org/bot8038486969:AAEyibm7lESIkBOZrgLBwjC7CwB4yxbIfxs/getUpdates "HTTP/1.1 200 OK"
2025-02-14 14:03:29,531 - httpx - INFO - HTTP Request: POST https://api.telegram.org/bot8038486969:AAEyibm7lESIkBOZrgLBwjC7CwB4yxbIfxs/getUpdates "HTTP/1.1 200 OK"
2025-02-14 14:03:39,738 - httpx - INFO - HTTP Request: POST https://api.telegram.org/bot8038486969:AAEyibm7lESIkBOZrgLBwjC7CwB4yxbIfxs/getUpdates "HTTP/1.1 200 OK"
2025-02-14 14:03:49,889 - httpx - INFO - HTTP Request: POST https://api.telegram.org/bot8038486969:AAEyibm7lESIkBOZrgLBwjC7CwB4yxbIfxs/getUpdates "HTTP/1.1 200 OK"
2025-02-14 14:04:00,040 - httpx - INFO - HTTP Request: POST https://api.telegram.org/bot8038486969:AAEyibm7lESIkBOZrgLBwjC7CwB4yxbIfxs/getUpdates "HTTP/1.1 200 OK"
2025-02-14 14:04:13,692 - httpx - INFO - HTTP Request: POST https://api.telegram.org/bot8038486969:AAEyibm7lESIkBOZrgLBwjC7CwB4yxbIfxs/getUpdates "HTTP/1.1 200 OK"
2025-02-14 14:04:23,832 - httpx - INFO - HTTP Request: POST https://api.telegram.org/bot8038486969:AAEyibm7lESIkBOZrgLBwjC7CwB4yxbIfxs/getUpdates "HTTP/1.1 200 OK"
2025-02-14 14:04:33,981 - httpx - INFO - HTTP Request: POST https://api.telegram.org/bot8038486969:AAEyibm7lESIkBOZrgLBwjC7CwB4yxbIfxs/getUpdates "HTTP/1.1 200 OK"
2025-02-14 14:04:36,005 - httpx - INFO - HTTP Request: POST https://api.telegram.org/bot8038486969:AAEyibm7lESIkBOZrgLBwjC7CwB4yxbIfxs/getUpdates "HTTP/1.1 200 OK"
2025-02-14 14:04:36,522 - httpx - INFO - HTTP Request: POST https://api.telegram.org/bot8038486969:AAEyibm7lESIkBOZrgLBwjC7CwB4yxbIfxs/deleteMessage "HTTP/1.1 200 OK"
2025-02-14 14:04:36,739 - httpx - INFO - HTTP Request: POST https://api.telegram.org/bot8038486969:AAEyibm7lESIkBOZrgLBwjC7CwB4yxbIfxs/sendMessage "HTTP/1.1 200 OK"
2025-02-14 14:04:36,941 - httpx - INFO - HTTP Request: POST https://api.telegram.org/bot8038486969:AAEyibm7lESIkBOZrgLBwjC7CwB4yxbIfxs/sendMessage "HTTP/1.1 200 OK"
2025-02-14 14:04:37,121 - httpx - INFO - HTTP Request: POST https://api.telegram.org/bot8038486969:AAEyibm7lESIkBOZrgLBwjC7CwB4yxbIfxs/sendMessage "HTTP/1.1 200 OK"
2025-02-14 14:04:46,156 - httpx - INFO - HTTP Request: POST https://api.telegram.org/bot8038486969:AAEyibm7lESIkBOZrgLBwjC7CwB4yxbIfxs/getUpdates "HTTP/1.1 200 OK"
2025-02-14 14:04:56,331 - httpx - INFO - HTTP Request: POST https://api.telegram.org/bot8038486969:AAEyibm7lESIkBOZrgLBwjC7CwB4yxbIfxs/getUpdates "HTTP/1.1 200 OK"
2025-02-14 14:05:06,486 - httpx - INFO - HTTP Request: POST https://api.telegram.org/bot8038486969:AAEyibm7lESIkBOZrgLBwjC7CwB4yxbIfxs/getUpdates "HTTP/1.1 200 OK"
2025-02-14 14:05:16,642 - httpx - INFO - HTTP Request: POST https://api.telegram.org/bot8038486969:AAEyibm7lESIkBOZrgLBwjC7CwB4yxbIfxs/getUpdates "HTTP/1.1 200 OK"
2025-02-14 14:05:26,803 - httpx - INFO - HTTP Request: POST https://api.telegram.org/bot8038486969:AAEyibm7lESIkBOZrgLBwjC7CwB4yxbIfxs/getUpdates "HTTP/1.1 200 OK"
2025-02-14 14:05:36,953 - httpx - INFO - HTTP Request: POST https://api.telegram.org/bot8038486969:AAEyibm7lESIkBOZrgLBwjC7CwB4yxbIfxs/getUpdates "HTTP/1.1 200 OK"
2025-02-14 14:05:47,101 - httpx - INFO - HTTP Request: POST https://api.telegram.org/bot8038486969:AAEyibm7lESIkBOZrgLBwjC7CwB4yxbIfxs/getUpdates "HTTP/1.1 200 OK"
2025-02-14 14:05:57,279 - httpx - INFO - HTTP Request: POST https://api.telegram.org/bot8038486969:AAEyibm7lESIkBOZrgLBwjC7CwB4yxbIfxs/getUpdates "HTTP/1.1 200 OK"
2025-02-14 14:06:07,447 - httpx - INFO - HTTP Request: POST https://api.telegram.org/bot8038486969:AAEyibm7lESIkBOZrgLBwjC7CwB4yxbIfxs/getUpdates "HTTP/1.1 200 OK"
2025-02-14 14:06:17,621 - httpx - INFO - HTTP Request: POST https://api.telegram.org/bot8038486969:AAEyibm7lESIkBOZrgLBwjC7CwB4yxbIfxs/getUpdates "HTTP/1.1 200 OK"
2025-02-14 14:06:27,768 - httpx - INFO - HTTP Request: POST https://api.telegram.org/bot8038486969:AAEyibm7lESIkBOZrgLBwjC7CwB4yxbIfxs/getUpdates "HTTP/1.1 200 OK"
2025-02-14 14:06:37,904 - httpx - INFO - HTTP Request: POST https://api.telegram.org/bot8038486969:AAEyibm7lESIkBOZrgLBwjC7CwB4yxbIfxs/getUpdates "HTTP/1.1 200 OK"
2025-02-14 14:06:48,090 - httpx - INFO - HTTP Request: POST https://api.telegram.org/bot8038486969:AAEyibm7lESIkBOZrgLBwjC7CwB4yxbIfxs/getUpdates "HTTP/1.1 200 OK"
2025-02-14 14:06:58,229 - httpx - INFO - HTTP Request: POST https://api.telegram.org/bot8038486969:AAEyibm7lESIkBOZrgLBwjC7CwB4yxbIfxs/getUpdates "HTTP/1.1 200 OK"
2025-02-14 14:07:08,377 - httpx - INFO - HTTP Request: POST https://api.telegram.org/bot8038486969:AAEyibm7lESIkBOZrgLBwjC7CwB4yxbIfxs/getUpdates "HTTP/1.1 200 OK"
2025-02-14 14:07:18,517 - httpx - INFO - HTTP Request: POST https://api.telegram.org/bot8038486969:AAEyibm7lESIkBOZrgLBwjC7CwB4yxbIfxs/getUpdates "HTTP/1.1 200 OK"
2025-02-14 14:07:28,688 - httpx - INFO - HTTP Request: POST https://api.telegram.org/bot8038486969:AAEyibm7lESIkBOZrgLBwjC7CwB4yxbIfxs/getUpdates "HTTP/1.1 200 OK"
2025-02-14 14:07:38,842 - httpx - INFO - HTTP Request: POST https://api.telegram.org/bot8038486969:AAEyibm7lESIkBOZrgLBwjC7CwB4yxbIfxs/getUpdates "HTTP/1.1 200 OK"
2025-02-14 14:07:48,980 - httpx - INFO - HTTP Request: POST https://api.telegram.org/bot8038486969:AAEyibm7lESIkBOZrgLBwjC7CwB4yxbIfxs/getUpdates "HTTP/1.1 200 OK"
2025-02-14 14:07:59,132 - httpx - INFO - HTTP Request: POST https://api.telegram.org/bot8038486969:AAEyibm7lESIkBOZrgLBwjC7CwB4yxbIfxs/getUpdates "HTTP/1.1 200 OK"
2025-02-14 14:08:09,295 - httpx - INFO - HTTP Request: POST https://api.telegram.org/bot8038486969:AAEyibm7lESIkBOZrgLBwjC7CwB4yxbIfxs/getUpdates "HTTP/1.1 200 OK"
2025-02-14 14:08:19,448 - httpx - INFO - HTTP Request: POST https://api.telegram.org/bot8038486969:AAEyibm7lESIkBOZrgLBwjC7CwB4yxbIfxs/getUpdates "HTTP/1.1 200 OK"
2025-02-14 14:08:29,600 - httpx - INFO - HTTP Request: POST https://api.telegram.org/bot8038486969:AAEyibm7lESIkBOZrgLBwjC7CwB4yxbIfxs/getUpdates "HTTP/1.1 200 OK"
2025-02-14 14:08:39,761 - httpx - INFO - HTTP Request: POST https://api.telegram.org/bot8038486969:AAEyibm7lESIkBOZrgLBwjC7CwB4yxbIfxs/getUpdates "HTTP/1.1 200 OK"
2025-02-14 14:08:49,928 - httpx - INFO - HTTP Request: POST https://api.telegram.org/bot8038486969:AAEyibm7lESIkBOZrgLBwjC7CwB4yxbIfxs/getUpdates "HTTP/1.1 200 OK"
2025-02-14 14:09:00,070 - httpx - INFO - HTTP Request: POST https://api.telegram.org/bot8038486969:AAEyibm7lESIkBOZrgLBwjC7CwB4yxbIfxs/getUpdates "HTTP/1.1 200 OK"
2025-02-14 14:09:10,233 - httpx - INFO - HTTP Request: POST https://api.telegram.org/bot8038486969:AAEyibm7lESIkBOZrgLBwjC7CwB4yxbIfxs/getUpdates "HTTP/1.1 200 OK"
2025-02-14 14:09:20,391 - httpx - INFO - HTTP Request: POST https://api.telegram.org/bot8038486969:AAEyibm7lESIkBOZrgLBwjC7CwB4yxbIfxs/getUpdates "HTTP/1.1 200 OK"
2025-02-14 14:09:30,577 - httpx - INFO - HTTP Request: POST https://api.telegram.org/bot8038486969:AAEyibm7lESIkBOZrgLBwjC7CwB4yxbIfxs/getUpdates "HTTP/1.1 200 OK"
2025-02-14 14:09:40,790 - httpx - INFO - HTTP Request: POST https://api.telegram.org/bot8038486969:AAEyibm7lESIkBOZrgLBwjC7CwB4yxbIfxs/getUpdates "HTTP/1.1 200 OK"
2025-02-14 14:09:50,957 - httpx - INFO - HTTP Request: POST https://api.telegram.org/bot8038486969:AAEyibm7lESIkBOZrgLBwjC7CwB4yxbIfxs/getUpdates "HTTP/1.1 200 OK"
2025-02-14 14:10:01,093 - httpx - INFO - HTTP Request: POST https://api.telegram.org/bot8038486969:AAEyibm7lESIkBOZrgLBwjC7CwB4yxbIfxs/getUpdates "HTTP/1.1 200 OK"
2025-02-14 14:10:11,233 - httpx - INFO - HTTP Request: POST https://api.telegram.org/bot8038486969:AAEyibm7lESIkBOZrgLBwjC7CwB4yxbIfxs/getUpdates "HTTP/1.1 200 OK"
2025-02-14 14:10:21,374 - httpx - INFO - HTTP Request: POST https://api.telegram.org/bot8038486969:AAEyibm7lESIkBOZrgLBwjC7CwB4yxbIfxs/getUpdates "HTTP/1.1 200 OK"
2025-02-14 14:10:31,550 - httpx - INFO - HTTP Request: POST https://api.telegram.org/bot8038486969:AAEyibm7lESIkBOZrgLBwjC7CwB4yxbIfxs/getUpdates "HTTP/1.1 200 OK"
2025-02-14 14:10:41,768 - httpx - INFO - HTTP Request: POST https://api.telegram.org/bot8038486969:AAEyibm7lESIkBOZrgLBwjC7CwB4yxbIfxs/getUpdates "HTTP/1.1 200 OK"
2025-02-14 14:10:51,953 - httpx - INFO - HTTP Request: POST https://api.telegram.org/bot8038486969:AAEyibm7lESIkBOZrgLBwjC7CwB4yxbIfxs/getUpdates "HTTP/1.1 200 OK"
2025-02-14 14:11:02,142 - httpx - INFO - HTTP Request: POST https://api.telegram.org/bot8038486969:AAEyibm7lESIkBOZrgLBwjC7CwB4yxbIfxs/getUpdates "HTTP/1.1 200 OK"
2025-02-14 14:11:12,318 - httpx - INFO - HTTP Request: POST https://api.telegram.org/bot8038486969:AAEyibm7lESIkBOZrgLBwjC7CwB4yxbIfxs/getUpdates "HTTP/1.1 200 OK"
2025-02-14 14:11:22,487 - httpx - INFO - HTTP Request: POST https://api.telegram.org/bot8038486969:AAEyibm7lESIkBOZrgLBwjC7CwB4yxbIfxs/getUpdates "HTTP/1.1 200 OK"
2025-02-14 14:11:32,633 - httpx - INFO - HTTP Request: POST https://api.telegram.org/bot8038486969:AAEyibm7lESIkBOZrgLBwjC7CwB4yxbIfxs/getUpdates "HTTP/1.1 200 OK"
2025-02-14 14:11:42,812 - httpx - INFO - HTTP Request: POST https://api.telegram.org/bot8038486969:AAEyibm7lESIkBOZrgLBwjC7CwB4yxbIfxs/getUpdates "HTTP/1.1 200 OK"
2025-02-14 14:11:52,985 - httpx - INFO - HTTP Request: POST https://api.telegram.org/bot8038486969:AAEyibm7lESIkBOZrgLBwjC7CwB4yxbIfxs/getUpdates "HTTP/1.1 200 OK"
2025-02-14 14:12:03,153 - httpx - INFO - HTTP Request: POST https://api.telegram.org/bot8038486969:AAEyibm7lESIkBOZrgLBwjC7CwB4yxbIfxs/getUpdates "HTTP/1.1 200 OK"
2025-02-14 14:12:13,297 - httpx - INFO - HTTP Request: POST https://api.telegram.org/bot8038486969:AAEyibm7lESIkBOZrgLBwjC7CwB4yxbIfxs/getUpdates "HTTP/1.1 200 OK"
2025-02-14 14:12:23,446 - httpx - INFO - HTTP Request: POST https://api.telegram.org/bot8038486969:AAEyibm7lESIkBOZrgLBwjC7CwB4yxbIfxs/getUpdates "HTTP/1.1 200 OK"
2025-02-14 14:12:33,601 - httpx - INFO - HTTP Request: POST https://api.telegram.org/bot8038486969:AAEyibm7lESIkBOZrgLBwjC7CwB4yxbIfxs/getUpdates "HTTP/1.1 200 OK"
2025-02-14 14:12:43,745 - httpx - INFO - HTTP Request: POST https://api.telegram.org/bot8038486969:AAEyibm7lESIkBOZrgLBwjC7CwB4yxbIfxs/getUpdates "HTTP/1.1 200 OK"
2025-02-14 14:12:53,889 - httpx - INFO - HTTP Request: POST https://api.telegram.org/bot8038486969:AAEyibm7lESIkBOZrgLBwjC7CwB4yxbIfxs/getUpdates "HTTP/1.1 200 OK"
2025-02-14 14:13:04,032 - httpx - INFO - HTTP Request: POST https://api.telegram.org/bot8038486969:AAEyibm7lESIkBOZrgLBwjC7CwB4yxbIfxs/getUpdates "HTTP/1.1 200 OK"
2025-02-14 14:13:14,215 - httpx - INFO - HTTP Request: POST https://api.telegram.org/bot8038486969:AAEyibm7lESIkBOZrgLBwjC7CwB4yxbIfxs/getUpdates "HTTP/1.1 200 OK"
2025-02-14 14:13:24,401 - httpx - INFO - HTTP Request: POST https://api.telegram.org/bot8038486969:AAEyibm7lESIkBOZrgLBwjC7CwB4yxbIfxs/getUpdates "HTTP/1.1 200 OK"
2025-02-14 14:13:34,578 - httpx - INFO - HTTP Request: POST https://api.telegram.org/bot8038486969:AAEyibm7lESIkBOZrgLBwjC7CwB4yxbIfxs/getUpdates "HTTP/1.1 200 OK"
2025-02-14 14:13:44,729 - httpx - INFO - HTTP Request: POST https://api.telegram.org/bot8038486969:AAEyibm7lESIkBOZrgLBwjC7CwB4yxbIfxs/getUpdates "HTTP/1.1 200 OK"
2025-02-14 14:13:54,889 - httpx - INFO - HTTP Request: POST https://api.telegram.org/bot8038486969:AAEyibm7lESIkBOZrgLBwjC7CwB4yxbIfxs/getUpdates "HTTP/1.1 200 OK"
2025-02-14 14:14:05,036 - httpx - INFO - HTTP Request: POST https://api.telegram.org/bot8038486969:AAEyibm7lESIkBOZrgLBwjC7CwB4yxbIfxs/getUpdates "HTTP/1.1 200 OK"
2025-02-14 14:14:15,179 - httpx - INFO - HTTP Request: POST https://api.telegram.org/bot8038486969:AAEyibm7lESIkBOZrgLBwjC7CwB4yxbIfxs/getUpdates "HTTP/1.1 200 OK"
2025-02-14 14:14:25,323 - httpx - INFO - HTTP Request: POST https://api.telegram.org/bot8038486969:AAEyibm7lESIkBOZrgLBwjC7CwB4yxbIfxs/getUpdates "HTTP/1.1 200 OK"
2025-02-14 14:14:35,472 - httpx - INFO - HTTP Request: POST https://api.telegram.org/bot8038486969:AAEyibm7lESIkBOZrgLBwjC7CwB4yxbIfxs/getUpdates "HTTP/1.1 200 OK"
2025-02-14 14:14:45,627 - httpx - INFO - HTTP Request: POST https://api.telegram.org/bot8038486969:AAEyibm7lESIkBOZrgLBwjC7CwB4yxbIfxs/getUpdates "HTTP/1.1 200 OK"
2025-02-14 14:14:55,788 - httpx - INFO - HTTP Request: POST https://api.telegram.org/bot8038486969:AAEyibm7lESIkBOZrgLBwjC7CwB4yxbIfxs/getUpdates "HTTP/1.1 200 OK"
2025-02-14 14:15:05,979 - httpx - INFO - HTTP Request: POST https://api.telegram.org/bot8038486969:AAEyibm7lESIkBOZrgLBwjC7CwB4yxbIfxs/getUpdates "HTTP/1.1 200 OK"
2025-02-14 14:15:16,173 - httpx - INFO - HTTP Request: POST https://api.telegram.org/bot8038486969:AAEyibm7lESIkBOZrgLBwjC7CwB4yxbIfxs/getUpdates "HTTP/1.1 200 OK"
2025-02-14 14:15:26,318 - httpx - INFO - HTTP Request: POST https://api.telegram.org/bot8038486969:AAEyibm7lESIkBOZrgLBwjC7CwB4yxbIfxs/getUpdates "HTTP/1.1 200 OK"
2025-02-14 14:15:36,477 - httpx - INFO - HTTP Request: POST https://api.telegram.org/bot8038486969:AAEyibm7lESIkBOZrgLBwjC7CwB4yxbIfxs/getUpdates "HTTP/1.1 200 OK"
2025-02-14 14:15:46,626 - httpx - INFO - HTTP Request: POST https://api.telegram.org/bot8038486969:AAEyibm7lESIkBOZrgLBwjC7CwB4yxbIfxs/getUpdates "HTTP/1.1 200 OK"
2025-02-14 14:15:56,841 - httpx - INFO - HTTP Request: POST https://api.telegram.org/bot8038486969:AAEyibm7lESIkBOZrgLBwjC7CwB4yxbIfxs/getUpdates "HTTP/1.1 200 OK"
2025-02-14 14:16:07,021 - httpx - INFO - HTTP Request: POST https://api.telegram.org/bot8038486969:AAEyibm7lESIkBOZrgLBwjC7CwB4yxbIfxs/getUpdates "HTTP/1.1 200 OK"
2025-02-14 14:16:17,179 - httpx - INFO - HTTP Request: POST https://api.telegram.org/bot8038486969:AAEyibm7lESIkBOZrgLBwjC7CwB4yxbIfxs/getUpdates "HTTP/1.1 200 OK"
